This file contains any messages produced by compilers while
running configure, to aid debugging if configure makes a mistake.

It was created by gc configure 6.8, which was
generated by GNU Autoconf 2.59.  Invocation command line was

  $ ./configure --disable-threads -q

## --------- ##
## Platform. ##
## --------- ##

hostname = ubuntu
uname -m = i686
uname -r = 2.6.31-18-generic
uname -s = Linux
uname -v = #55-Ubuntu SMP Fri Jan 8 14:55:26 UTC 2010

/usr/bin/uname -p = unknown
/bin/uname -X     = unknown

/bin/arch              = unknown
/usr/bin/arch -k       = unknown
/usr/convex/getsysinfo = unknown
hostinfo               = unknown
/bin/machine           = unknown
/usr/bin/oslevel       = unknown
/bin/universe          = unknown

PATH: /usr/local/sbin
PATH: /usr/local/bin
PATH: /usr/sbin
PATH: /usr/bin
PATH: /sbin
PATH: /bin
PATH: /usr/games


## ----------- ##
## Core tests. ##
## ----------- ##

configure:1553: checking build system type
configure:1571: result: i686-pc-linux-gnu
configure:1579: checking host system type
configure:1593: result: i686-pc-linux-gnu
configure:1601: checking target system type
configure:1615: result: i686-pc-linux-gnu
configure:1632: checking GC version numbers
configure:1670: result: major=6 minor=8 
configure:1688: checking for a BSD-compatible install
configure:1743: result: /usr/bin/install -c
configure:1754: checking whether build environment is sane
configure:1797: result: yes
configure:1862: checking for gawk
configure:1891: result: no
configure:1862: checking for mawk
configure:1878: found /usr/bin/mawk
configure:1888: result: mawk
configure:1898: checking whether make sets $(MAKE)
configure:1918: result: yes
configure:2136: checking for gcc
configure:2152: found /usr/bin/gcc
configure:2162: result: gcc
configure:2406: checking for C compiler version
configure:2409: gcc --version </dev/null >&5
gcc (Ubuntu 4.4.1-4ubuntu9) 4.4.1
Copyright (C) 2009 Free Software Foundation, Inc.
This is free software; see the source for copying conditions.  There is NO
warranty; not even for MERCHANTABILITY or FITNESS FOR A PARTICULAR PURPOSE.

configure:2412: $? = 0
configure:2414: gcc -v </dev/null >&5
Using built-in specs.
Target: i486-linux-gnu
Configured with: ../src/configure -v --with-pkgversion='Ubuntu 4.4.1-4ubuntu9' --with-bugurl=file:///usr/share/doc/gcc-4.4/README.Bugs --enable-languages=c,c++,fortran,objc,obj-c++ --prefix=/usr --enable-shared --enable-multiarch --enable-linker-build-id --with-system-zlib --libexecdir=/usr/lib --without-included-gettext --enable-threads=posix --with-gxx-include-dir=/usr/include/c++/4.4 --program-suffix=-4.4 --enable-nls --enable-clocale=gnu --enable-libstdcxx-debug --enable-objc-gc --enable-targets=all --disable-werror --with-arch-32=i486 --with-tune=generic --enable-checking=release --build=i486-linux-gnu --host=i486-linux-gnu --target=i486-linux-gnu
Thread model: posix
gcc version 4.4.1 (Ubuntu 4.4.1-4ubuntu9) 
configure:2417: $? = 0
configure:2419: gcc -V </dev/null >&5
gcc: '-V' option must have argument
configure:2422: $? = 1
configure:2445: checking for C compiler default output file name
configure:2448: gcc    conftest.c  >&5
configure:2451: $? = 0
configure:2497: result: a.out
configure:2502: checking whether the C compiler works
configure:2508: ./a.out
configure:2511: $? = 0
configure:2528: result: yes
configure:2535: checking whether we are cross compiling
configure:2537: result: no
configure:2540: checking for suffix of executables
configure:2542: gcc -o conftest    conftest.c  >&5
configure:2545: $? = 0
configure:2570: result: 
configure:2576: checking for suffix of object files
configure:2597: gcc -c   conftest.c >&5
configure:2600: $? = 0
configure:2622: result: o
configure:2626: checking whether we are using the GNU C compiler
configure:2650: gcc -c   conftest.c >&5
configure:2656: $? = 0
configure:2659: test -z 			 || test ! -s conftest.err
configure:2662: $? = 0
configure:2665: test -s conftest.o
configure:2668: $? = 0
configure:2681: result: yes
configure:2687: checking whether gcc accepts -g
configure:2708: gcc -c -g  conftest.c >&5
configure:2714: $? = 0
configure:2717: test -z 			 || test ! -s conftest.err
configure:2720: $? = 0
configure:2723: test -s conftest.o
configure:2726: $? = 0
configure:2737: result: yes
configure:2754: checking for gcc option to accept ANSI C
configure:2824: gcc  -c -g -O2  conftest.c >&5
configure:2830: $? = 0
configure:2833: test -z 			 || test ! -s conftest.err
configure:2836: $? = 0
configure:2839: test -s conftest.o
configure:2842: $? = 0
configure:2860: result: none needed
configure:2878: gcc -c -g -O2  conftest.c >&5
conftest.c:2: error: expected '=', ',', ';', 'asm' or '__attribute__' before 'me'
configure:2884: $? = 1
configure: failed program was:
| #ifndef __cplusplus
|   choke me
| #endif
configure:3025: checking for style of include used by make
configure:3053: result: GNU
configure:3081: checking dependency style of gcc
configure:3171: result: gcc3
configure:3240: checking for g++
configure:3256: found /usr/bin/g++
configure:3266: result: g++
configure:3282: checking for C++ compiler version
configure:3285: g++ --version </dev/null >&5
g++ (Ubuntu 4.4.1-4ubuntu9) 4.4.1
Copyright (C) 2009 Free Software Foundation, Inc.
This is free software; see the source for copying conditions.  There is NO
warranty; not even for MERCHANTABILITY or FITNESS FOR A PARTICULAR PURPOSE.

configure:3288: $? = 0
configure:3290: g++ -v </dev/null >&5
Using built-in specs.
Target: i486-linux-gnu
Configured with: ../src/configure -v --with-pkgversion='Ubuntu 4.4.1-4ubuntu9' --with-bugurl=file:///usr/share/doc/gcc-4.4/README.Bugs --enable-languages=c,c++,fortran,objc,obj-c++ --prefix=/usr --enable-shared --enable-multiarch --enable-linker-build-id --with-system-zlib --libexecdir=/usr/lib --without-included-gettext --enable-threads=posix --with-gxx-include-dir=/usr/include/c++/4.4 --program-suffix=-4.4 --enable-nls --enable-clocale=gnu --enable-libstdcxx-debug --enable-objc-gc --enable-targets=all --disable-werror --with-arch-32=i486 --with-tune=generic --enable-checking=release --build=i486-linux-gnu --host=i486-linux-gnu --target=i486-linux-gnu
Thread model: posix
gcc version 4.4.1 (Ubuntu 4.4.1-4ubuntu9) 
configure:3293: $? = 0
configure:3295: g++ -V </dev/null >&5
g++: '-V' option must have argument
configure:3298: $? = 1
configure:3301: checking whether we are using the GNU C++ compiler
configure:3325: g++ -c   conftest.cc >&5
configure:3331: $? = 0
configure:3334: test -z 			 || test ! -s conftest.err
configure:3337: $? = 0
configure:3340: test -s conftest.o
configure:3343: $? = 0
configure:3356: result: yes
configure:3362: checking whether g++ accepts -g
configure:3383: g++ -c -g  conftest.cc >&5
configure:3389: $? = 0
configure:3392: test -z 			 || test ! -s conftest.err
configure:3395: $? = 0
configure:3398: test -s conftest.o
configure:3401: $? = 0
configure:3412: result: yes
configure:3454: g++ -c -g -O2  conftest.cc >&5
configure:3460: $? = 0
configure:3463: test -z 			 || test ! -s conftest.err
configure:3466: $? = 0
configure:3469: test -s conftest.o
configure:3472: $? = 0
configure:3498: g++ -c -g -O2  conftest.cc >&5
conftest.cc: In function 'int main()':
conftest.cc:17: error: 'exit' was not declared in this scope
configure:3504: $? = 1
configure: failed program was:
| /* confdefs.h.  */
| 
| #define PACKAGE_NAME "gc"
| #define PACKAGE_TARNAME "gc"
| #define PACKAGE_VERSION "6.8"
| #define PACKAGE_STRING "gc 6.8"
| #define PACKAGE_BUGREPORT "Hans.Boehm@hp.com"
| #define GC_VERSION_MAJOR 6
| #define GC_VERSION_MINOR 8
| #define PACKAGE "gc"
| #define VERSION "6.8"
| /* end confdefs.h.  */
| 
| int
| main ()
| {
| exit (42);
|   ;
|   return 0;
| }
configure:3454: g++ -c -g -O2  conftest.cc >&5
conftest.cc:13: error: 'void std::exit(int)' should have been declared inside 'std'
configure:3460: $? = 1
configure: failed program was:
| /* confdefs.h.  */
| 
| #define PACKAGE_NAME "gc"
| #define PACKAGE_TARNAME "gc"
| #define PACKAGE_VERSION "6.8"
| #define PACKAGE_STRING "gc 6.8"
| #define PACKAGE_BUGREPORT "Hans.Boehm@hp.com"
| #define GC_VERSION_MAJOR 6
| #define GC_VERSION_MINOR 8
| #define PACKAGE "gc"
| #define VERSION "6.8"
| /* end confdefs.h.  */
| extern "C" void std::exit (int) throw (); using std::exit;
| #include <stdlib.h>
| int
| main ()
| {
| exit (42);
|   ;
|   return 0;
| }
configure:3454: g++ -c -g -O2  conftest.cc >&5
conftest.cc:13: error: 'void std::exit(int)' should have been declared inside 'std'
In file included from conftest.cc:14:
/usr/include/stdlib.h:543: error: declaration of 'void std::exit(int) throw ()' throws different exceptions
conftest.cc:13: error: from previous declaration 'void std::exit(int)'
configure:3460: $? = 1
configure: failed program was:
| /* confdefs.h.  */
| 
| #define PACKAGE_NAME "gc"
| #define PACKAGE_TARNAME "gc"
| #define PACKAGE_VERSION "6.8"
| #define PACKAGE_STRING "gc 6.8"
| #define PACKAGE_BUGREPORT "Hans.Boehm@hp.com"
| #define GC_VERSION_MAJOR 6
| #define GC_VERSION_MINOR 8
| #define PACKAGE "gc"
| #define VERSION "6.8"
| /* end confdefs.h.  */
| extern "C" void std::exit (int); using std::exit;
| #include <stdlib.h>
| int
| main ()
| {
| exit (42);
|   ;
|   return 0;
| }
configure:3454: g++ -c -g -O2  conftest.cc >&5
configure:3460: $? = 0
configure:3463: test -z 			 || test ! -s conftest.err
configure:3466: $? = 0
configure:3469: test -s conftest.o
configure:3472: $? = 0
configure:3498: g++ -c -g -O2  conftest.cc >&5
configure:3504: $? = 0
configure:3507: test -z 			 || test ! -s conftest.err
configure:3510: $? = 0
configure:3513: test -s conftest.o
configure:3516: $? = 0
configure:3541: checking dependency style of g++
configure:3631: result: gcc3
configure:3697: checking for ar
configure:3713: found /usr/bin/ar
configure:3723: result: ar
configure:3776: checking for ranlib
configure:3792: found /usr/bin/ranlib
configure:3803: result: ranlib
configure:3829: checking for a BSD-compatible install
configure:3884: result: /usr/bin/install -c
configure:3896: checking whether to enable maintainer-specific portions of Makefiles
configure:3905: result: no
configure:4214: checking for xlc
configure:4237: gcc -c -g -O2  conftest.c >&5
conftest.c:22:4: error: #error 
configure:4243: $? = 1
configure: failed program was:
| /* confdefs.h.  */
| 
| #define PACKAGE_NAME "gc"
| #define PACKAGE_TARNAME "gc"
| #define PACKAGE_VERSION "6.8"
| #define PACKAGE_STRING "gc 6.8"
| #define PACKAGE_BUGREPORT "Hans.Boehm@hp.com"
| #define GC_VERSION_MAJOR 6
| #define GC_VERSION_MINOR 8
| #define PACKAGE "gc"
| #define VERSION "6.8"
| #ifdef __cplusplus
| extern "C" void exit (int) throw ();
| #endif
| /* end confdefs.h.  */
| 
| int
| main ()
| {
| 
|  #ifndef __xlC__
|  # error
|  #endif
| 
|   ;
|   return 0;
| }
configure:4265: result: no
configure:4290: checking for dlopen in -ldl
configure:4320: gcc -o conftest -g -O2   conftest.c -ldl   >&5
configure:4326: $? = 0
configure:4329: test -z 			 || test ! -s conftest.err
configure:4332: $? = 0
configure:4335: test -s conftest
configure:4338: $? = 0
configure:4351: result: yes
configure:4415: checking whether to build shared libraries
configure:4447: result: yes
configure:4454: checking which machine-dependent code should be used
configure:4517: result: 
configure:4593: checking for ld used by GCC
configure:4656: result: /usr/bin/ld
configure:4665: checking if the linker (/usr/bin/ld) is GNU ld
GNU ld (GNU Binutils for Ubuntu) 2.20
configure:4677: result: yes
configure:4682: checking for /usr/bin/ld option to reload object files
configure:4689: result: -r
configure:4694: checking for BSD-compatible nm
configure:4730: result: /usr/bin/nm -B
configure:4733: checking whether ln -s works
configure:4737: result: yes
configure:4744: checking how to recognise dependant libraries
configure:4922: result: pass_all
configure:4934: checking command to parse /usr/bin/nm -B output
configure:5015: gcc -c -g -O2  conftest.c >&5
configure:5018: $? = 0
configure:5022: /usr/bin/nm -B conftest.o \| sed -n -e 's/^.*[ 	]\([ABCDGISTW][ABCDGISTW]*\)[ 	][ 	]*\(\)\([_A-Za-z][_A-Za-z0-9]*\)$/\1 \2\3 \3/p' \> conftest.nm
configure:5025: $? = 0
configure:5077: gcc -o conftest -g -O2   conftest.c conftstm.o >&5
configure:5080: $? = 0
configure:5124: result: ok
configure:5133: checking how to run the C preprocessor
configure:5168: gcc -E  conftest.c
configure:5174: $? = 0
configure:5206: gcc -E  conftest.c
conftest.c:16:28: error: ac_nonexistent.h: No such file or directory
configure:5212: $? = 1
configure: failed program was:
| /* confdefs.h.  */
| 
| #define PACKAGE_NAME "gc"
| #define PACKAGE_TARNAME "gc"
| #define PACKAGE_VERSION "6.8"
| #define PACKAGE_STRING "gc 6.8"
| #define PACKAGE_BUGREPORT "Hans.Boehm@hp.com"
| #define GC_VERSION_MAJOR 6
| #define GC_VERSION_MINOR 8
| #define PACKAGE "gc"
| #define VERSION "6.8"
| #ifdef __cplusplus
| extern "C" void exit (int) throw ();
| #endif
| /* end confdefs.h.  */
| #include <ac_nonexistent.h>
configure:5251: result: gcc -E
configure:5275: gcc -E  conftest.c
configure:5281: $? = 0
configure:5313: gcc -E  conftest.c
conftest.c:16:28: error: ac_nonexistent.h: No such file or directory
configure:5319: $? = 1
configure: failed program was:
| /* confdefs.h.  */
| 
| #define PACKAGE_NAME "gc"
| #define PACKAGE_TARNAME "gc"
| #define PACKAGE_VERSION "6.8"
| #define PACKAGE_STRING "gc 6.8"
| #define PACKAGE_BUGREPORT "Hans.Boehm@hp.com"
| #define GC_VERSION_MAJOR 6
| #define GC_VERSION_MINOR 8
| #define PACKAGE "gc"
| #define VERSION "6.8"
| #ifdef __cplusplus
| extern "C" void exit (int) throw ();
| #endif
| /* end confdefs.h.  */
| #include <ac_nonexistent.h>
configure:5363: checking for egrep
configure:5373: result: grep -E
configure:5378: checking for ANSI C header files
configure:5403: gcc -c -g -O2  conftest.c >&5
configure:5409: $? = 0
configure:5412: test -z 			 || test ! -s conftest.err
configure:5415: $? = 0
configure:5418: test -s conftest.o
configure:5421: $? = 0
configure:5510: gcc -o conftest -g -O2   conftest.c  >&5
conftest.c: In function 'main':
conftest.c:33: warning: incompatible implicit declaration of built-in function 'exit'
configure:5513: $? = 0
configure:5515: ./conftest
configure:5518: $? = 0
configure:5533: result: yes
configure:5557: checking for sys/types.h
configure:5573: gcc -c -g -O2  conftest.c >&5
configure:5579: $? = 0
configure:5582: test -z 			 || test ! -s conftest.err
configure:5585: $? = 0
configure:5588: test -s conftest.o
configure:5591: $? = 0
configure:5602: result: yes
configure:5557: checking for sys/stat.h
configure:5573: gcc -c -g -O2  conftest.c >&5
configure:5579: $? = 0
configure:5582: test -z 			 || test ! -s conftest.err
configure:5585: $? = 0
configure:5588: test -s conftest.o
configure:5591: $? = 0
configure:5602: result: yes
configure:5557: checking for stdlib.h
configure:5573: gcc -c -g -O2  conftest.c >&5
configure:5579: $? = 0
configure:5582: test -z 			 || test ! -s conftest.err
configure:5585: $? = 0
configure:5588: test -s conftest.o
configure:5591: $? = 0
configure:5602: result: yes
configure:5557: checking for string.h
configure:5573: gcc -c -g -O2  conftest.c >&5
configure:5579: $? = 0
configure:5582: test -z 			 || test ! -s conftest.err
configure:5585: $? = 0
configure:5588: test -s conftest.o
configure:5591: $? = 0
configure:5602: result: yes
configure:5557: checking for memory.h
configure:5573: gcc -c -g -O2  conftest.c >&5
configure:5579: $? = 0
configure:5582: test -z 			 || test ! -s conftest.err
configure:5585: $? = 0
configure:5588: test -s conftest.o
configure:5591: $? = 0
configure:5602: result: yes
configure:5557: checking for strings.h
configure:5573: gcc -c -g -O2  conftest.c >&5
configure:5579: $? = 0
configure:5582: test -z 			 || test ! -s conftest.err
configure:5585: $? = 0
configure:5588: test -s conftest.o
configure:5591: $? = 0
configure:5602: result: yes
configure:5557: checking for inttypes.h
configure:5573: gcc -c -g -O2  conftest.c >&5
configure:5579: $? = 0
configure:5582: test -z 			 || test ! -s conftest.err
configure:5585: $? = 0
configure:5588: test -s conftest.o
configure:5591: $? = 0
configure:5602: result: yes
configure:5557: checking for stdint.h
configure:5573: gcc -c -g -O2  conftest.c >&5
configure:5579: $? = 0
configure:5582: test -z 			 || test ! -s conftest.err
configure:5585: $? = 0
configure:5588: test -s conftest.o
configure:5591: $? = 0
configure:5602: result: yes
configure:5557: checking for unistd.h
configure:5573: gcc -c -g -O2  conftest.c >&5
configure:5579: $? = 0
configure:5582: test -z 			 || test ! -s conftest.err
configure:5585: $? = 0
configure:5588: test -s conftest.o
configure:5591: $? = 0
configure:5602: result: yes
configure:5628: checking dlfcn.h usability
configure:5640: gcc -c -g -O2  conftest.c >&5
configure:5646: $? = 0
configure:5649: test -z 			 || test ! -s conftest.err
configure:5652: $? = 0
configure:5655: test -s conftest.o
configure:5658: $? = 0
configure:5668: result: yes
configure:5672: checking dlfcn.h presence
configure:5682: gcc -E  conftest.c
configure:5688: $? = 0
configure:5708: result: yes
configure:5743: checking for dlfcn.h
configure:5750: result: yes
configure:5947: checking for ranlib
configure:5974: result: ranlib
configure:6027: checking for strip
configure:6043: found /usr/bin/strip
configure:6054: result: strip
configure:6275: checking for objdir
configure:6286: result: .libs
configure:6307: checking for gcc option to produce PIC
configure:6457: result: -fPIC
configure:6461: checking if gcc PIC flag -fPIC works
configure:6484: gcc -c -g -O2 -fPIC -DPIC  conftest.c >&5
configure:6490: $? = 0
configure:6493: test -z 			 || test ! -s conftest.err
configure:6496: $? = 0
configure:6499: test -s conftest.o
configure:6502: $? = 0
configure:6540: result: yes
configure:6560: checking if gcc static flag -static works
configure:6584: gcc -o conftest -g -O2   -static conftest.c  >&5
configure:6590: $? = 0
configure:6593: test -z 			 || test ! -s conftest.err
configure:6596: $? = 0
configure:6599: test -s conftest
configure:6602: $? = 0
configure:6619: result: yes
configure:6635: checking if gcc supports -c -o file.o
configure:6655: gcc -c -g -O2 -o out/conftest2.o  conftest.c >&5
configure:6679: result: yes
configure:6684: checking if gcc supports -c -o file.lo
configure:6711: gcc -c -g -O2 -c -o conftest.lo  conftest.c >&5
configure:6717: $? = 0
configure:6720: test -z 			 || test ! -s conftest.err
configure:6723: $? = 0
configure:6726: test -s conftest.lo
configure:6729: $? = 0
configure:6751: result: yes
configure:6790: checking if gcc supports -fno-rtti -fno-exceptions
configure:6812: gcc -c -g -O2 -fno-rtti -fno-exceptions -c conftest.c  conftest.c >&5
cc1: warning: command line option "-fno-rtti" is valid for C++/ObjC++ but not for C
cc1: warning: command line option "-fno-rtti" is valid for C++/ObjC++ but not for C
configure:6818: $? = 0
configure:6821: test -z 			 || test ! -s conftest.err
configure:6824: $? = 0
configure:6827: test -s conftest.o
configure:6830: $? = 0
configure:6847: result: no
configure:6862: checking whether the linker (/usr/bin/ld) supports shared libraries
configure:7542: result: yes
configure:7551: checking how to hardcode library paths into programs
configure:7575: result: immediate
configure:7584: checking whether stripping libraries is possible
configure:7589: result: yes
configure:7604: checking dynamic linker characteristics
configure:7997: result: GNU/Linux ld.so
configure:8006: checking if libtool supports shared libraries
configure:8008: result: yes
configure:8015: checking whether to build shared libraries
configure:8036: result: yes
configure:8043: checking whether to build static libraries
configure:8047: result: yes
configure:8795: checking whether -lc should be explicitly linked in
configure:8803: gcc -c -g -O2  conftest.c >&5
configure:8806: $? = 0
configure:8820: gcc -shared conftest.o  -v -Wl,-soname -Wl,conftest -o conftest 2\>\&1 \| grep  -lc  \>/dev/null 2\>\&1
configure:8823: $? = 0
configure:8836: result: no
configure:9427: checking sys/dg_sys_info.h usability
configure:9439: gcc -c -g -O2  conftest.c >&5
conftest.c:61:29: error: sys/dg_sys_info.h: No such file or directory
configure:9445: $? = 1
configure: failed program was:
| /* confdefs.h.  */
| 
| #define PACKAGE_NAME "gc"
| #define PACKAGE_TARNAME "gc"
| #define PACKAGE_VERSION "6.8"
| #define PACKAGE_STRING "gc 6.8"
| #define PACKAGE_BUGREPORT "Hans.Boehm@hp.com"
| #define GC_VERSION_MAJOR 6
| #define GC_VERSION_MINOR 8
| #define PACKAGE "gc"
| #define VERSION "6.8"
| #ifdef __cplusplus
| extern "C" void exit (int) throw ();
| #endif
| #define STDC_HEADERS 1
| #define HAVE_SYS_TYPES_H 1
| #define HAVE_SYS_STAT_H 1
| #define HAVE_STDLIB_H 1
| #define HAVE_STRING_H 1
| #define HAVE_MEMORY_H 1
| #define HAVE_STRINGS_H 1
| #define HAVE_INTTYPES_H 1
| #define HAVE_STDINT_H 1
| #define HAVE_UNISTD_H 1
| #define HAVE_DLFCN_H 1
| /* end confdefs.h.  */
| #include <stdio.h>
| #if HAVE_SYS_TYPES_H
| # include <sys/types.h>
| #endif
| #if HAVE_SYS_STAT_H
| # include <sys/stat.h>
| #endif
| #if STDC_HEADERS
| # include <stdlib.h>
| # include <stddef.h>
| #else
| # if HAVE_STDLIB_H
| #  include <stdlib.h>
| # endif
| #endif
| #if HAVE_STRING_H
| # if !STDC_HEADERS && HAVE_MEMORY_H
| #  include <memory.h>
| # endif
| # include <string.h>
| #endif
| #if HAVE_STRINGS_H
| # include <strings.h>
| #endif
| #if HAVE_INTTYPES_H
| # include <inttypes.h>
| #else
| # if HAVE_STDINT_H
| #  include <stdint.h>
| # endif
| #endif
| #if HAVE_UNISTD_H
| # include <unistd.h>
| #endif
| #include <sys/dg_sys_info.h>
configure:9467: result: no
configure:9471: checking sys/dg_sys_info.h presence
configure:9481: gcc -E  conftest.c
conftest.c:27:29: error: sys/dg_sys_info.h: No such file or directory
configure:9487: $? = 1
configure: failed program was:
| /* confdefs.h.  */
| 
| #define PACKAGE_NAME "gc"
| #define PACKAGE_TARNAME "gc"
| #define PACKAGE_VERSION "6.8"
| #define PACKAGE_STRING "gc 6.8"
| #define PACKAGE_BUGREPORT "Hans.Boehm@hp.com"
| #define GC_VERSION_MAJOR 6
| #define GC_VERSION_MINOR 8
| #define PACKAGE "gc"
| #define VERSION "6.8"
| #ifdef __cplusplus
| extern "C" void exit (int) throw ();
| #endif
| #define STDC_HEADERS 1
| #define HAVE_SYS_TYPES_H 1
| #define HAVE_SYS_STAT_H 1
| #define HAVE_STDLIB_H 1
| #define HAVE_STRING_H 1
| #define HAVE_MEMORY_H 1
| #define HAVE_STRINGS_H 1
| #define HAVE_INTTYPES_H 1
| #define HAVE_STDINT_H 1
| #define HAVE_UNISTD_H 1
| #define HAVE_DLFCN_H 1
| /* end confdefs.h.  */
| #include <sys/dg_sys_info.h>
configure:9507: result: no
configure:9542: checking for sys/dg_sys_info.h
configure:9549: result: no
configure:9596: checking whether Solaris gcc optimization fix is necessary
configure:9619: result: no
configure:10035: creating ./config.status

## ---------------------- ##
## Running config.status. ##
## ---------------------- ##

This file was extended by gc config.status 6.8, which was
generated by GNU Autoconf 2.59.  Invocation command line was

  CONFIG_FILES    = 
  CONFIG_HEADERS  = 
  CONFIG_LINKS    = 
  CONFIG_COMMANDS = 
  $ ./config.status --quiet

on ubuntu

config.status:780: creating Makefile
config.status:780: creating doc/Makefile
config.status:780: creating include/Makefile
config.status:925: executing depfiles commands
config.status:925: executing default commands

## ---------------- ##
## Cache variables. ##
## ---------------- ##

ac_cv_build=i686-pc-linux-gnu
ac_cv_build_alias=i686-pc-linux-gnu
ac_cv_c_compiler_gnu=yes
ac_cv_cxx_compiler_gnu=yes
ac_cv_env_CCASFLAGS_set=
ac_cv_env_CCASFLAGS_value=
ac_cv_env_CCAS_set=
ac_cv_env_CCAS_value=
ac_cv_env_CC_set=
ac_cv_env_CC_value=
ac_cv_env_CFLAGS_set=
ac_cv_env_CFLAGS_value=
ac_cv_env_CPPFLAGS_set=
ac_cv_env_CPPFLAGS_value=
ac_cv_env_CPP_set=
ac_cv_env_CPP_value=
ac_cv_env_CXXFLAGS_set=
ac_cv_env_CXXFLAGS_value=
ac_cv_env_CXX_set=
ac_cv_env_CXX_value=
ac_cv_env_LDFLAGS_set=
ac_cv_env_LDFLAGS_value=
ac_cv_env_build_alias_set=
ac_cv_env_build_alias_value=
ac_cv_env_host_alias_set=
ac_cv_env_host_alias_value=
ac_cv_env_target_alias_set=
ac_cv_env_target_alias_value=
ac_cv_exeext=
ac_cv_header_dlfcn_h=yes
ac_cv_header_inttypes_h=yes
ac_cv_header_memory_h=yes
ac_cv_header_stdc=yes
ac_cv_header_stdint_h=yes
ac_cv_header_stdlib_h=yes
ac_cv_header_string_h=yes
ac_cv_header_strings_h=yes
ac_cv_header_sys_dg_sys_info_h=no
ac_cv_header_sys_stat_h=yes
ac_cv_header_sys_types_h=yes
ac_cv_header_unistd_h=yes
ac_cv_host=i686-pc-linux-gnu
ac_cv_host_alias=i686-pc-linux-gnu
ac_cv_lib_dl_dlopen=yes
ac_cv_objext=o
ac_cv_path_install='/usr/bin/install -c'
ac_cv_prog_AWK=mawk
ac_cv_prog_CPP='gcc -E'
ac_cv_prog_ac_ct_AR=ar
ac_cv_prog_ac_ct_CC=gcc
ac_cv_prog_ac_ct_CXX=g++
ac_cv_prog_ac_ct_RANLIB=ranlib
ac_cv_prog_ac_ct_STRIP=strip
ac_cv_prog_cc_g=yes
ac_cv_prog_cc_stdc=
ac_cv_prog_cxx_g=yes
ac_cv_prog_egrep='grep -E'
ac_cv_prog_make_make_set=yes
ac_cv_target=i686-pc-linux-gnu
ac_cv_target_alias=i686-pc-linux-gnu
am_cv_CC_dependencies_compiler_type=gcc3
am_cv_CXX_dependencies_compiler_type=gcc3
lt_cv_archive_cmds_need_lc=no
lt_cv_compiler_c_o=yes
lt_cv_compiler_o_lo=yes
lt_cv_deplibs_check_method=pass_all
lt_cv_file_magic_cmd='$MAGIC_CMD'
lt_cv_file_magic_test_file='/lib/libc.so.6 /lib/libc-2.10.1.so'
lt_cv_global_symbol_to_c_name_address='sed -n -e '\''s/^: \([^ ]*\) $/  {\"\1\", (lt_ptr) 0},/p'\'' -e '\''s/^[BCDEGRST] \([^ ]*\) \([^ ]*\)$/  {"\2", (lt_ptr) \&\2},/p'\'''
lt_cv_global_symbol_to_cdecl='sed -n -e '\''s/^. .* \(.*\)$/extern char \1;/p'\'''
lt_cv_ld_reload_flag=-r
lt_cv_path_LD=/usr/bin/ld
lt_cv_path_NM='/usr/bin/nm -B'
lt_cv_prog_cc_can_build_shared=yes
lt_cv_prog_cc_no_builtin=
lt_cv_prog_cc_pic=' -fPIC'
lt_cv_prog_cc_pic_works=yes
lt_cv_prog_cc_shlib=
lt_cv_prog_cc_static=-static
lt_cv_prog_cc_static_works=yes
lt_cv_prog_cc_wl=-Wl,
lt_cv_prog_gnu_ld=yes
lt_cv_sys_global_symbol_pipe='sed -n -e '\''s/^.*[ 	]\([ABCDGISTW][ABCDGISTW]*\)[ 	][ 	]*\(\)\([_A-Za-z][_A-Za-z0-9]*\)$/\1 \2\3 \3/p'\'''

## ----------------- ##
## Output variables. ##
## ----------------- ##

ACLOCAL='${SHELL} /home/ssword/code/fsvm/lib/gc6.8/missing --run aclocal-1.9'
AMDEPBACKSLASH='\'
AMDEP_FALSE='#'
AMDEP_TRUE=''
AMTAR='${SHELL} /home/ssword/code/fsvm/lib/gc6.8/missing --run tar'
AR='ar'
AUTOCONF='${SHELL} /home/ssword/code/fsvm/lib/gc6.8/missing --run autoconf'
AUTOHEADER='${SHELL} /home/ssword/code/fsvm/lib/gc6.8/missing --run autoheader'
AUTOMAKE='${SHELL} /home/ssword/code/fsvm/lib/gc6.8/missing --run automake-1.9'
AWK='mawk'
CC='gcc'
CCAS='gcc'
CCASFLAGS='-g -O2'
CCDEPMODE='depmode=gcc3'
CFLAGS='-g -O2'
COMPILER_XLC_FALSE=''
COMPILER_XLC_TRUE='#'
CPLUSPLUS_FALSE=''
CPLUSPLUS_TRUE='#'
CPP='gcc -E'
CPPFLAGS=''
CXX='g++'
CXXDEPMODE='depmode=gcc3'
CXXFLAGS='-g -O2'
CXXINCLUDES=''
CYGPATH_W='echo'
DEFS='-DPACKAGE_NAME=\"gc\" -DPACKAGE_TARNAME=\"gc\" -DPACKAGE_VERSION=\"6.8\" -DPACKAGE_STRING=\"gc\ 6.8\" -DPACKAGE_BUGREPORT=\"Hans.Boehm@hp.com\" -DGC_VERSION_MAJOR=6 -DGC_VERSION_MINOR=8 -DPACKAGE=\"gc\" -DVERSION=\"6.8\" -DSTDC_HEADERS=1 -DHAVE_SYS_TYPES_H=1 -DHAVE_SYS_STAT_H=1 -DHAVE_STDLIB_H=1 -DHAVE_STRING_H=1 -DHAVE_MEMORY_H=1 -DHAVE_STRINGS_H=1 -DHAVE_INTTYPES_H=1 -DHAVE_STDINT_H=1 -DHAVE_UNISTD_H=1 -DHAVE_DLFCN_H=1 -DSILENT=1 -DNO_SIGNALS=1 -DNO_EXECUTE_PERMISSION=1 -DALL_INTERIOR_POINTERS=1 -DJAVA_FINALIZATION=1 -DGC_GCJ_SUPPORT=1 -DATOMIC_UNCOLLECTABLE=1 '
DEPDIR='.deps'
ECHO='echo'
ECHO_C=''
ECHO_N='-n'
ECHO_T=''
EGREP='grep -E'
EXEEXT=''
EXTRA_TEST_LIBS=''
GC_CFLAGS=' -fexceptions'
GC_VERSION=''
INCLUDES='-I./include'
INSTALL_DATA='${INSTALL} -m 644'
INSTALL_PROGRAM='${INSTALL}'
INSTALL_SCRIPT='${INSTALL}'
INSTALL_STRIP_PROGRAM='${SHELL} $(install_sh) -c -s'
LDFLAGS=''
LIBOBJS=''
LIBS=''
LIBTOOL='$(SHELL) $(top_builddir)/libtool'
LN_S='ln -s'
LTLIBOBJS=''
MAINT='#'
MAINTAINER_MODE_FALSE=''
MAINTAINER_MODE_TRUE='#'
MAKEINFO='${SHELL} /home/ssword/code/fsvm/lib/gc6.8/missing --run makeinfo'
MY_CFLAGS='-g -O2'
OBJEXT='o'
PACKAGE='gc'
PACKAGE_BUGREPORT='Hans.Boehm@hp.com'
PACKAGE_NAME='gc'
PACKAGE_STRING='gc 6.8'
PACKAGE_TARNAME='gc'
PACKAGE_VERSION='6.8'
PATH_SEPARATOR=':'
POWERPC_DARWIN_FALSE=''
POWERPC_DARWIN_TRUE='#'
RANLIB='ranlib'
SET_MAKE=''
SHELL='/bin/bash'
STRIP='strip'
THREADDLLIBS=' -ldl'
UNWINDLIBS=''
USE_LIBDIR_FALSE='#'
USE_LIBDIR_TRUE=''
VERSION='6.8'
ac_ct_AR='ar'
ac_ct_CC='gcc'
ac_ct_CXX='g++'
ac_ct_RANLIB='ranlib'
ac_ct_STRIP='strip'
addincludes=''
addlibs=''
addobjs=' mach_dep.lo'
addtests=''
am__fastdepCC_FALSE='#'
am__fastdepCC_TRUE=''
am__fastdepCXX_FALSE='#'
am__fastdepCXX_TRUE=''
am__include='include'
am__leading_dot='.'
am__quote=''
am__tar='${AMTAR} chof - "$$tardir"'
am__untar='${AMTAR} xf -'
bindir='${exec_prefix}/bin'
build='i686-pc-linux-gnu'
build_alias=''
build_cpu='i686'
build_os='linux-gnu'
build_vendor='pc'
datadir='${prefix}/share'
exec_prefix='${prefix}'
host='i686-pc-linux-gnu'
host_alias=''
host_cpu='i686'
host_os='linux-gnu'
host_vendor='pc'
includedir='${prefix}/include'
infodir='${prefix}/info'
install_sh='/home/ssword/code/fsvm/lib/gc6.8/install-sh'
libdir='${exec_prefix}/lib'
libexecdir='${exec_prefix}/libexec'
localstatedir='${prefix}/var'
mandir='${prefix}/man'
mkdir_p='mkdir -p --'
oldincludedir='/usr/include'
prefix='/usr/local'
program_transform_name='s,x,x,'
sbindir='${exec_prefix}/sbin'
sharedstatedir='${prefix}/com'
sysconfdir='${prefix}/etc'
target='i686-pc-linux-gnu'
target_alias=''
target_all='libgc.la'
target_cpu='i686'
target_os='linux-gnu'
target_vendor='pc'

## ----------- ##
## confdefs.h. ##
## ----------- ##

#define ALL_INTERIOR_POINTERS 1
#define ATOMIC_UNCOLLECTABLE 1
#define GC_GCJ_SUPPORT 1
#define GC_VERSION_MAJOR 6
#define GC_VERSION_MINOR 8
#define HAVE_DLFCN_H 1
#define HAVE_INTTYPES_H 1
#define HAVE_MEMORY_H 1
#define HAVE_STDINT_H 1
#define HAVE_STDLIB_H 1
#define HAVE_STRINGS_H 1
#define HAVE_STRING_H 1
#define HAVE_SYS_STAT_H 1
#define HAVE_SYS_TYPES_H 1
#define HAVE_UNISTD_H 1
#define JAVA_FINALIZATION 1
#define NO_EXECUTE_PERMISSION 1
#define NO_SIGNALS 1
#define PACKAGE "gc"
#define PACKAGE_BUGREPORT "Hans.Boehm@hp.com"
#define PACKAGE_NAME "gc"
#define PACKAGE_STRING "gc 6.8"
#define PACKAGE_TARNAME "gc"
#define PACKAGE_VERSION "6.8"
#define SILENT 1
#define STDC_HEADERS 1
#define VERSION "6.8"
#endif
#ifdef __cplusplus
extern "C" void exit (int) throw ();

configure: exit 0
